<?xml version="1.0" encoding="UTF-8"?>
<!-- Generated by org.testng.reporters.JUnitReportReporter -->
<testsuite skipped="0" hostname="Manishs-MacBook-Pro.local" name="test_package.CookieBasedAuth" tests="1" failures="0" timestamp="2019-11-26T16:59:06 AEDT" time="1.796" errors="0">
  <testcase name="testJiraCookieBasedAuth_deleteIssue" time="1.796" classname="test_package.CookieBasedAuth"/>
</testsuite> <!-- test_package.CookieBasedAuth -->
